make all --print-data-base --no-builtin-variables --no-builtin-rules --question
# GNU Make 3.81
# Copyright (C) 2006  Free Software Foundation, Inc.
# This is free software; see the source for copying conditions.
# There is NO warranty; not even for MERCHANTABILITY or FITNESS FOR A
# PARTICULAR PURPOSE.

# This program built for i386-apple-darwin11.3.0
 
make: *** No rule to make target `all'.  Stop.


# Make data base, printed on Sat Oct  8 16:09:05 2022

# Variables

# automatic
<D = $(patsubst %/,%,$(dir $<))
# automatic
?F = $(notdir $?)
# environment
AWS_SECRET_ACCESS_KEY = P/wgS+VQt/U/0JkqbWA6Y7LQajTppgMalKQPdmqU
# environment
ELECTRON_NO_ATTACH_CONSOLE = 1
# automatic
?D = $(patsubst %/,%,$(dir $?))
# automatic
@D = $(patsubst %/,%,$(dir $@))
# automatic
@F = $(notdir $@)
# makefile
CURDIR := /Users/chris/workspace/contextcloud/eventstore
# makefile
SHELL = /bin/sh
# environment
VSCODE_NLS_CONFIG = {"locale":"en-gb","availableLanguages":{},"_languagePackSupport":true}
# environment
_ = /usr/bin/make
# makefile (from `Makefile', line 1)
MAKEFILE_LIST :=  Makefile
# environment
__CFBundleIdentifier = com.microsoft.VSCode
# environment
VSCODE_CWD = /Users/chris/workspace/contextcloud/eventstore
# environment
PATH = /usr/local/bin:/usr/bin:/bin:/usr/sbin:/sbin:/Users/chris/go/bin:/Users/chris/.bin
# environment
LSCOLORS = Gxfxcxdxbxegedabagacad
# environment
LaunchInstanceID = DC8567DC-2758-477E-99F9-033F7566C6F5
# environment
ELECTRON_RUN_AS_NODE = 1
# default
 
.FEATURES := target-specific order-only second-expansion else-if archives jobserver check-symlink
# environment
SSH_AUTH_SOCK = /private/tmp/com.apple.launchd.1nYOAEbpc2/Listeners
# automatic
%F = $(notdir $%)
# environment
PWD = /Users/chris/workspace/contextcloud/eventstore
# environment
ORIGINAL_XDG_CURRENT_DESKTOP = undefined
# environment
VSCODE_AMD_ENTRYPOINT = vs/workbench/api/node/extensionHostProcess
# environment
HOME = /Users/chris
# default
MAKEFILEPATH = $(shell /usr/bin/xcode-select -print-path 2>/dev/null || echo /Developer)/Makefiles
# environment
VSCODE_CLI = 1
# environment
VSCODE_CODE_CACHE_PATH = /Users/chris/Library/Application Support/Code/CachedData/74b1f979648cc44d385a2286793c226e611f59e7
# environment
LOGNAME = chris
# environment
APPLICATION_INSIGHTS_NO_DIAGNOSTIC_CHANNEL = 1
# environment
ZSH = /Users/chris/.oh-my-zsh
# environment
VSCODE_HANDLES_UNCAUGHT_ERRORS = true
# automatic
^D = $(patsubst %/,%,$(dir $^))
# environment
XPC_FLAGS = 0x0
# environment
COLORTERM = truecolor
# default
MAKE = $(MAKE_COMMAND)
# environment
LC_TERMINAL = iTerm2
# environment
SHLVL = 3
# default
MAKE_VERSION := 3.81
# environment
USER = chris
# makefile
.DEFAULT_GOAL := gen
# default
MAKECMDGOALS := all
# environment
TERM_SESSION_ID = w1t0p0:C73C5C08-A164-4152-80F9-5154D3662FF1
# environment
LESS = -R
# automatic
%D = $(patsubst %/,%,$(dir $%))
# environment
AWS_ACCESS_KEY_ID = ASIAVG5ELHPRGJQ527MT
# default
MAKE_COMMAND := /Library/Developer/CommandLineTools/usr/bin/make
# environment
TERM_PROGRAM = iTerm.app
# default
.VARIABLES := 
# environment
TMPDIR = /var/folders/54/m4msrbhn0b56jflgbc0qvdzm0000gn/T/
# automatic
*F = $(notdir $*)
# environment
VSCODE_IPC_HOOK = /Users/chris/Library/Application Support/Code/1.71.2-main.sock
# environment
MallocNanoZone = 0
# makefile
MAKEFLAGS = Rrqp
# environment
MFLAGS = -Rrqp
# automatic
*D = $(patsubst %/,%,$(dir $*))
# environment
TERM_PROGRAM_VERSION = 3.4.15
# environment
XPC_SERVICE_NAME = application.com.microsoft.VSCode.5073990.5073996.8ACD5542-0CDE-423C-9A6A-23EE5CF22FF7
# environment
AWS_SESSION_TOKEN = IQoJb3JpZ2luX2VjEOb//////////wEaCXVzLWVhc3QtMSJIMEYCIQCB0gpWXbHfEkI2mQmHBhZhkE5bWgCArDY2dGegWDjyewIhAN50DpPZjE6C6q/ZQEGyUtsut3HZQ2P0m5tBHArBnB91KrMDCJ///////////wEQARoMMzU4NDM3NTY3NDU4IgwhAEgoBONDuzgTIscqhwMguATgyKSiEWIyILWoIVuTwlmxz/FCO3MyiRz2xZAwKSw6/P1u2z7QZBd74ZM3D1P5OicJGOZFYKBf//TVjKcQHEjOIAAUllL5EthIz7xo/ps+eEUTTst6ZqyZyl+4yo4rYB25psRS9W8PWrk8uzeOX5cQEXkrIZXqpKLTNjfhquoA+ynvNrl0Wdh5RJwNHvgM2q1i++D2qUm7ttq8VSP/f1iCGEVug85MJ0xIQZzb5ZIWTXZPRXHlxTtRSBpsw0rR75u8z8BLMZZeWvP9PFIxc63VDhCXatC7gL2uAxu6cHW4EdJdflH8WNX3kXz73IfIP0LjnX7B2D0h1oOp22oP1XwpeLEaTFcLIaiFLlMH4sPSfNTAB7zBd7CcWHbLnJA56Ap5uwvciRIdCHwsK6Pn4Y+KdKkkByDgcPR0dn1d4NpyIPpEAv3TqK5eCh28BMREloHn5pwjaZDX5CKHMXnAjdaMILIeeu+j/WnJChB6ykC+NmK+mW8Xh4rU4yNoAqTpmGf0FwQJMJfq6ZkGOqUBihTeaoCwQeGk36jV5YPPoAzOmutsovGOSXa4/xNZx04FVKux0rguTvWtwxaQAw/PIMbQOShlQDWoBYcOIO/b62bN9Yu1XxJfgPxheFcr3cKy1O5KYJI5aRuz+vhbcV/DeEaDh03SYM5iWgP89r8PTSuPBo7lZsBvq0jFXQLEnJgK5OgwWW+VnkzhPhabUR9hX3Rjc1AVIasVrxweYKsIxZQY7FSa
# environment
LC_TERMINAL_VERSION = 3.4.15
# automatic
+D = $(patsubst %/,%,$(dir $+))
# automatic
+F = $(notdir $+)
# environment
ITERM_SESSION_ID = w1t0p0:C73C5C08-A164-4152-80F9-5154D3662FF1
# environment
COLORFGBG = 15;0
# environment
__CF_USER_TEXT_ENCODING = 0x1F5:0:15
# environment
COMMAND_MODE = unix2003
# default
MAKEFILES := 
# automatic
<F = $(notdir $<)
# environment
ITERM_PROFILE = Default
# environment
PAGER = less
# environment
LC_ALL = C
# environment
SECURITYSESSIONID = 186a4
# automatic
^F = $(notdir $^)
# default
SUFFIXES := 
# environment
USE_GKE_GCLOUD_AUTH_PLUGIN = True
# default
.INCLUDE_DIRS = /usr/local/include
# environment
MAKELEVEL := 0
# environment
LANG = C
# environment
TERM = xterm-256color
# environment
VSCODE_PID = 8900
# variable set hash-table stats:
# Load=80/1024=8%, Rehash=0, Collisions=5/104=5%

# Pattern-specific Variable Values

# No pattern-specific variable values.

# Directories

# . (device 16777223, inode 1553418): 19 files, no impossibilities.

# 19 files, no impossibilities in 1 directories.

# Implicit Rules

# No implicit rules.

# Files

# Not a target:
all:
#  Command-line target.
#  Implicit rule search has been done.
#  File does not exist.
#  File has not been updated.
# variable set hash-table stats:
# Load=0/32=0%, Rehash=0, Collisions=0/0=0%

# Not a target:
.SUFFIXES:
#  Implicit rule search has not been done.
#  Modification time never checked.
#  File has not been updated.

# Not a target:
Makefile:
#  Implicit rule search has been done.
#  Last modified 2022-08-12 13:18:18
#  File has been updated.
#  Successfully updated.
# variable set hash-table stats:
# Load=0/32=0%, Rehash=0, Collisions=0/0=0%

server:
#  Implicit rule search has not been done.
#  Modification time never checked.
#  File has not been updated.
#  commands to execute (from `Makefile', line 12):
	go run server/main.go
	

test:
#  Implicit rule search has not been done.
#  Modification time never checked.
#  File has not been updated.
#  commands to execute (from `Makefile', line 19):
	rm -rf tmp && mkdir tmp
	go test -cover -race serializer/*.go
	

gen:
#  Implicit rule search has not been done.
#  Modification time never checked.
#  File has not been updated.
#  commands to execute (from `Makefile', line 2):
	protoc --proto_path=proto proto/*.proto --go_out=server --go-grpc_out=server
	protoc --proto_path=proto proto/*.proto --go_out=es --go-grpc_out=es
	protoc-go-inject-tag -input="es/pb/store/*.pb.go"
	protoc-go-inject-tag -input="server/pb/store/*.pb.go"
	

# Not a target:
.DEFAULT:
#  Implicit rule search has not been done.
#  Modification time never checked.
#  File has not been updated.

clean:
#  Implicit rule search has not been done.
#  Modification time never checked.
#  File has not been updated.
#  commands to execute (from `Makefile', line 8):
	rm -rf server/pb/
	rm -rf client/pb/
	

install:
#  Implicit rule search has not been done.
#  Modification time never checked.
#  File has not been updated.
#  commands to execute (from `Makefile', line 15):
	go install google.golang.org/protobuf/cmd/protoc-gen-go@latest
	go install google.golang.org/grpc/cmd/protoc-gen-go-grpc@latest
 
	

# files hash-table stats:
# Load=9/1024=1%, Rehash=0, Collisions=0/21=0%
# VPATH Search Paths

# No `vpath' search paths.

# No general (`VPATH' variable) search path.

# # of strings in strcache: 1
# # of strcache buffers: 1
# strcache size: total = 4096 / max = 4096 / min = 4096 / avg = 4096
# strcache free: total = 4087 / max = 4087 / min = 4087 / avg = 4087

# Finished Make data base on Sat Oct  8 16:09:05 2022

 
